{"/Users/donavon/Projects/remix-etag/src/index.ts": {"path":"/Users/donavon/Projects/remix-etag/src/index.ts","statementMap":{"0":{"start":{"line":1,"column":0},"end":{"line":1,"column":31}},"1":{"start":{"line":31,"column":25},"end":{"line":31,"column":47}},"2":{"start":{"line":31,"column":43},"end":{"line":31,"column":68}},"3":{"start":{"line":33,"column":17},"end":{"line":33,"column":39}},"4":{"start":{"line":33,"column":35},"end":{"line":33,"column":57}},"5":{"start":{"line":35,"column":21},"end":{"line":48,"column":1}},"6":{"start":{"line":40,"column":2},"end":{"line":40,"column":41}},"7":{"start":{"line":40,"column":28},"end":{"line":40,"column":41}},"8":{"start":{"line":42,"column":2},"end":{"line":44,"column":null}},"9":{"start":{"line":43,"column":4},"end":{"line":43,"column":72}},"10":{"start":{"line":45,"column":2},"end":{"line":47,"column":4}},"11":{"start":{"line":50,"column":35},"end":{"line":63,"column":1}},"12":{"start":{"line":51,"column":2},"end":{"line":51,"column":null}},"13":{"start":{"line":57,"column":6},"end":{"line":57,"column":14}},"14":{"start":{"line":54,"column":10},"end":{"line":54,"column":null}},"15":{"start":{"line":55,"column":16},"end":{"line":55,"column":null}},"16":{"start":{"line":56,"column":8},"end":{"line":56,"column":null}},"17":{"start":{"line":58,"column":2},"end":{"line":62,"column":4}},"18":{"start":{"line":50,"column":13},"end":{"line":50,"column":35}},"19":{"start":{"line":71,"column":20},"end":{"line":102,"column":2}},"20":{"start":{"line":72,"column":9},"end":{"line":72,"column":null}},"21":{"start":{"line":73,"column":10},"end":{"line":73,"column":null}},"22":{"start":{"line":74,"column":9},"end":{"line":74,"column":null}},"23":{"start":{"line":76,"column":8},"end":{"line":76,"column":33}},"24":{"start":{"line":78,"column":10},"end":{"line":78,"column":22}},"25":{"start":{"line":79,"column":8},"end":{"line":79,"column":56}},"26":{"start":{"line":80,"column":8},"end":{"line":80,"column":61}},"27":{"start":{"line":81,"column":8},"end":{"line":81,"column":68}},"28":{"start":{"line":83,"column":8},"end":{"line":86,"column":39}},"29":{"start":{"line":87,"column":2},"end":{"line":87,"column":42}},"30":{"start":{"line":87,"column":26},"end":{"line":87,"column":42}},"31":{"start":{"line":89,"column":2},"end":{"line":89,"column":63}},"32":{"start":{"line":89,"column":20},"end":{"line":89,"column":63}},"33":{"start":{"line":92,"column":8},"end":{"line":92,"column":42}},"34":{"start":{"line":93,"column":15},"end":{"line":93,"column":null}},"35":{"start":{"line":93,"column":8},"end":{"line":93,"column":null}},"36":{"start":{"line":95,"column":8},"end":{"line":95,"column":47}},"37":{"start":{"line":96,"column":2},"end":{"line":96,"column":32}},"38":{"start":{"line":98,"column":8},"end":{"line":98,"column":59}},"39":{"start":{"line":99,"column":8},"end":{"line":99,"column":60}},"40":{"start":{"line":101,"column":2},"end":{"line":101,"column":77}},"41":{"start":{"line":71,"column":13},"end":{"line":71,"column":20}}},"fnMap":{"0":{"name":"(anonymous_0)","decl":{"start":{"line":31,"column":25},"end":{"line":31,"column":26}},"loc":{"start":{"line":31,"column":38},"end":{"line":31,"column":47}}},"1":{"name":"(anonymous_1)","decl":{"start":{"line":33,"column":17},"end":{"line":33,"column":18}},"loc":{"start":{"line":33,"column":30},"end":{"line":33,"column":39}}},"2":{"name":"(anonymous_2)","decl":{"start":{"line":35,"column":21},"end":{"line":35,"column":null}},"loc":{"start":{"line":38,"column":18},"end":{"line":48,"column":1}}},"3":{"name":"(anonymous_3)","decl":{"start":{"line":50,"column":35},"end":{"line":50,"column":null}},"loc":{"start":{"line":51,"column":27},"end":{"line":63,"column":1}}},"4":{"name":"(anonymous_4)","decl":{"start":{"line":71,"column":20},"end":{"line":71,"column":27}},"loc":{"start":{"line":75,"column":23},"end":{"line":102,"column":2}}}},"branchMap":{"0":{"loc":{"start":{"line":40,"column":2},"end":{"line":40,"column":41}},"type":"if","locations":[{"start":{"line":40,"column":2},"end":{"line":40,"column":41}}]},"1":{"loc":{"start":{"line":42,"column":2},"end":{"line":44,"column":null}},"type":"if","locations":[{"start":{"line":42,"column":2},"end":{"line":44,"column":null}}]},"2":{"loc":{"start":{"line":46,"column":4},"end":{"line":46,"column":77}},"type":"binary-expr","locations":[{"start":{"line":46,"column":4},"end":{"line":46,"column":26}},{"start":{"line":46,"column":30},"end":{"line":46,"column":49}},{"start":{"line":46,"column":53},"end":{"line":46,"column":77}}]},"3":{"loc":{"start":{"line":51,"column":2},"end":{"line":51,"column":null}},"type":"if","locations":[{"start":{"line":51,"column":2},"end":{"line":51,"column":null}}]},"4":{"loc":{"start":{"line":54,"column":10},"end":{"line":54,"column":null}},"type":"cond-expr","locations":[{"start":{"line":54,"column":13},"end":{"line":54,"column":14}},{"start":{"line":54,"column":14},"end":{"line":54,"column":null}}]},"5":{"loc":{"start":{"line":55,"column":16},"end":{"line":55,"column":null}},"type":"cond-expr","locations":[{"start":{"line":55,"column":19},"end":{"line":55,"column":74}},{"start":{"line":55,"column":74},"end":{"line":55,"column":null}}]},"6":{"loc":{"start":{"line":56,"column":8},"end":{"line":56,"column":null}},"type":"cond-expr","locations":[{"start":{"line":56,"column":11},"end":{"line":56,"column":15}},{"start":{"line":56,"column":15},"end":{"line":56,"column":null}}]},"7":{"loc":{"start":{"line":79,"column":22},"end":{"line":79,"column":55}},"type":"cond-expr","locations":[{"start":{"line":79,"column":49},"end":{"line":79,"column":53}},{"start":{"line":79,"column":53},"end":{"line":79,"column":55}}]},"8":{"loc":{"start":{"line":79,"column":22},"end":{"line":79,"column":53}},"type":"binary-expr","locations":[{"start":{"line":79,"column":22},"end":{"line":79,"column":53}},{"start":{"line":79,"column":49},"end":{"line":79,"column":53}}]},"9":{"loc":{"start":{"line":84,"column":4},"end":{"line":86,"column":38}},"type":"binary-expr","locations":[{"start":{"line":84,"column":5},"end":{"line":84,"column":29}},{"start":{"line":84,"column":33},"end":{"line":84,"column":58}},{"start":{"line":85,"column":4},"end":{"line":85,"column":27}},{"start":{"line":86,"column":5},"end":{"line":86,"column":19}},{"start":{"line":86,"column":23},"end":{"line":86,"column":37}}]},"10":{"loc":{"start":{"line":87,"column":2},"end":{"line":87,"column":42}},"type":"if","locations":[{"start":{"line":87,"column":2},"end":{"line":87,"column":42}}]},"11":{"loc":{"start":{"line":89,"column":2},"end":{"line":89,"column":63}},"type":"if","locations":[{"start":{"line":89,"column":2},"end":{"line":89,"column":63}}]},"12":{"loc":{"start":{"line":101,"column":9},"end":{"line":101,"column":76}},"type":"cond-expr","locations":[{"start":{"line":101,"column":19},"end":{"line":101,"column":65}},{"start":{"line":101,"column":68},"end":{"line":101,"column":76}}]}},"s":{"0":1,"1":1,"2":4,"3":1,"4":3,"5":1,"6":6,"7":2,"8":4,"9":2,"10":2,"11":1,"12":29,"13":57,"14":19,"15":19,"16":19,"17":19,"18":1,"19":1,"20":15,"21":15,"22":15,"23":15,"24":15,"25":15,"26":15,"27":15,"28":15,"29":15,"30":9,"31":6,"32":6,"33":6,"34":6,"35":6,"36":6,"37":6,"38":6,"39":6,"40":6,"41":1},"f":{"0":4,"1":3,"2":6,"3":19,"4":15},"b":{"0":[2],"1":[2],"2":[2,1,1],"3":[10],"4":[17,2],"5":[18,1],"6":[13,6],"7":[12,3],"8":[15,12],"9":[15,3,12,9,3],"10":[9],"11":[6],"12":[3,3]}}
}
