TN:
SF:src/index.ts
FN:31,(anonymous_0)
FN:33,(anonymous_1)
FN:35,(anonymous_2)
FN:50,(anonymous_3)
FN:71,(anonymous_4)
FNF:5
FNH:5
FNDA:4,(anonymous_0)
FNDA:3,(anonymous_1)
FNDA:6,(anonymous_2)
FNDA:19,(anonymous_3)
FNDA:15,(anonymous_4)
DA:1,1
DA:31,4
DA:33,3
DA:35,1
DA:40,6
DA:42,4
DA:43,2
DA:45,2
DA:50,1
DA:51,29
DA:54,19
DA:55,19
DA:56,19
DA:57,57
DA:58,19
DA:71,1
DA:72,15
DA:73,15
DA:74,15
DA:76,15
DA:78,15
DA:79,15
DA:80,15
DA:81,15
DA:83,15
DA:87,15
DA:89,6
DA:92,6
DA:93,6
DA:95,6
DA:96,6
DA:98,6
DA:99,6
DA:101,6
LF:34
LH:34
BRDA:40,0,0,2
BRDA:42,1,0,2
BRDA:46,2,0,2
BRDA:46,2,1,1
BRDA:46,2,2,1
BRDA:51,3,0,10
BRDA:54,4,0,17
BRDA:54,4,1,2
BRDA:55,5,0,18
BRDA:55,5,1,1
BRDA:56,6,0,13
BRDA:56,6,1,6
BRDA:79,7,0,12
BRDA:79,7,1,3
BRDA:79,8,0,15
BRDA:79,8,1,12
BRDA:84,9,0,15
BRDA:84,9,1,3
BRDA:84,9,2,12
BRDA:84,9,3,9
BRDA:84,9,4,3
BRDA:87,10,0,9
BRDA:89,11,0,6
BRDA:101,12,0,3
BRDA:101,12,1,3
BRF:25
BRH:25
end_of_record
